<?xml version="1.0" encoding="UTF-8"?><TestSessionContainer xmlns="http://www.codecover.org/xml/testsession-container" Date="1519474947432" TestSessionContainerId="512aa449-d8ad-46c7-9723-469af8e445e2" version="1.0">
<SrcFileList>
<SrcFile Content="package samochody;&#13;&#10;&#13;&#10;import java.io.Serializable;&#13;&#10;&#13;&#10;public class Samochod implements Serializable{&#13;&#10;&#9;private String rejestracja;&#13;&#10;&#9;private float wartosc;&#13;&#10;&#9;private float amortyzacja;&#13;&#10;&#9;&#13;&#10;&#9;public Samochod(String rejestracja, float wartosc, float amortyzacja)&#13;&#10;&#9;{&#13;&#10;&#9;&#9;this.rejestracja=rejestracja;&#13;&#10;&#9;&#9;this.wartosc=wartosc;&#13;&#10;&#9;&#9;this.amortyzacja=amortyzacja;&#13;&#10;&#9;}&#13;&#10;&#9;&#13;&#10;&#9;public String getRejestracja()&#13;&#10;&#9;{&#13;&#10;&#9;&#9;return rejestracja;&#13;&#10;&#9;}&#13;&#10;&#9;public void amortyzuj()&#13;&#10;&#9;{&#13;&#10;&#9;&#9;this.wartosc-=this.wartosc*this.amortyzacja/100.0;&#13;&#10;&#9;}&#13;&#10;&#9;public float getWartosc()&#13;&#10;&#9;{&#13;&#10;&#9;&#9;return this.wartosc;&#13;&#10;&#9;}&#13;&#10;&#9;&#13;&#10;}&#13;&#10;" Filename="Samochod.java" Intrnl_Id="1"/>
<SrcFile Content="package samochody;&#13;&#10;&#13;&#10;import java.io.Serializable;&#13;&#10;import java.util.ArrayList;&#13;&#10;import java.util.Iterator;&#13;&#10;&#13;&#10;public class Kierowca implements Serializable {&#13;&#10;&#13;&#10;&#9;//Help -&gt; install new software-&gt;add codecover i link do httt z codecoverem  pozniej properties enable -&gt; loop cover branch i statementcover&#13;&#10;&#9;// ppm na dana klase i use for covarage measurement (dla klas kierowcy i samochod)&#13;&#10;&#9;//ppm run as code cover cos tam&#13;&#10;&#9;&#13;&#10;&#9;private int pesel;&#13;&#10;&#9;private String imie;&#13;&#10;&#9;private String nazwisko;&#13;&#10;&#9;private ArrayList&lt;Samochod&gt; samochody;&#13;&#10;&#9;&#13;&#10;&#9;public Kierowca(int pesel, String imie, String nazwisko)&#13;&#10;&#9;{&#13;&#10;&#9;&#9;this.pesel=pesel;&#13;&#10;&#9;&#9;this.imie=imie;&#13;&#10;&#9;&#9;this.nazwisko=nazwisko;&#13;&#10;&#9;&#9;samochody=new ArrayList&lt;Samochod&gt;();&#13;&#10;&#9;}&#13;&#10;&#9;public int getPesel(){return pesel;}&#13;&#10;&#9;public Samochod znajdzSamochod(String rejestracja)&#13;&#10;&#9;{&#9;&#9; &#9;&#9;   &#13;&#10;&#9;&#9;  for (Iterator&lt;Samochod&gt; it = samochody.iterator(); it.hasNext (); ) {&#13;&#10;&#9;&#9;    Samochod k = it.next();&#13;&#10;&#9;&#9;    if(k.getRejestracja()==rejestracja)&#13;&#10;&#9;&#9;    &#9;return k;&#13;&#10;&#9;&#9;  }&#13;&#10;&#9;&#9;return null;&#13;&#10;&#9;}&#13;&#10;&#9;public String getImieINazwisko()&#13;&#10;&#9;{&#13;&#10;&#9;&#9;return imie+&quot; &quot;+ nazwisko;&#13;&#10;&#9;}&#13;&#10;&#9;public void amortyzujSamochody()&#13;&#10;&#9;{&#13;&#10;&#9;&#9; for (Iterator&lt;Samochod&gt; it = samochody.iterator(); it.hasNext (); ) {&#13;&#10;&#9;&#9;&#9;    Samochod k = it.next();&#13;&#10;&#9;&#9;&#9;    k.amortyzuj();&#13;&#10;&#9;&#9; }&#13;&#10;&#9;}&#9;&#13;&#10;&#9;public void dodajSamochod(Samochod samochod)&#13;&#10;&#9;{&#13;&#10;&#9;&#9;samochody.add(samochod);&#13;&#10;&#9;}&#13;&#10;}&#13;&#10;" Filename="Kierowca.java" Intrnl_Id="2"/>
</SrcFileList>
<CritList>
<CritListEntry Name="org.codecover.model.utils.criteria.LoopCoverage" PluginName="org.codecover"/>
<CritListEntry Name="org.codecover.model.utils.criteria.BranchCoverage" PluginName="org.codecover"/>
<CritListEntry Name="org.codecover.model.utils.criteria.StatementCoverage" PluginName="org.codecover"/>
</CritList>
<BoolOpList/>
<HierarchyLvlTypeList>
<HierarchyLvlType EnglishName="package" IntrnlName="package" Intrnl_Id="3"/>
<HierarchyLvlType EnglishName="method" IntrnlName="method" Intrnl_Id="4"/>
<HierarchyLvlType EnglishName="class" IntrnlName="class" Intrnl_Id="5"/>
<HierarchyLvlType EnglishName="default package" IntrnlName="default package" Intrnl_Id="6"/>
</HierarchyLvlTypeList>
<MASTRoot>
<HierarchyLvl HierarchyLvlId="465" HierarchyLvlTypeId="6" Intrnl_Id="7" Name="default package">
<Header/>
<LocList/>
<HierarchyLvl HierarchyLvlId="464" HierarchyLvlTypeId="3" Intrnl_Id="8" Name="samochody">
<Header/>
<LocList/>
<HierarchyLvl HierarchyLvlId="456" HierarchyLvlTypeId="5" Intrnl_Id="9" Name="Samochod">
<Header>
<Loc EndOffset="99" SrcFileId="1" StartOffset="54"/>
</Header>
<LocList>
<Loc EndOffset="579" SrcFileId="1" StartOffset="54"/>
</LocList>
<HierarchyLvl HierarchyLvlId="452" HierarchyLvlTypeId="4" Intrnl_Id="10" Name="Samochod">
<Header>
<Loc EndOffset="259" SrcFileId="1" StartOffset="190"/>
</Header>
<LocList>
<Loc EndOffset="358" SrcFileId="1" StartOffset="190"/>
</LocList>
<StmntSeq Intrnl_Id="11">
<LocList>
<Loc EndOffset="296" SrcFileId="1" StartOffset="267"/>
<Loc EndOffset="321" SrcFileId="1" StartOffset="300"/>
<Loc EndOffset="354" SrcFileId="1" StartOffset="325"/>
</LocList>
<BasicStmnt CovItemId="S1" CovItemPrefix="samochody.Samochod.java" Intrnl_Id="12">
<LocList>
<Loc EndOffset="296" SrcFileId="1" StartOffset="267"/>
</LocList>
</BasicStmnt>
<BasicStmnt CovItemId="S2" CovItemPrefix="samochody.Samochod.java" Intrnl_Id="13">
<LocList>
<Loc EndOffset="321" SrcFileId="1" StartOffset="300"/>
</LocList>
</BasicStmnt>
<BasicStmnt CovItemId="S3" CovItemPrefix="samochody.Samochod.java" Intrnl_Id="14">
<LocList>
<Loc EndOffset="354" SrcFileId="1" StartOffset="325"/>
</LocList>
</BasicStmnt>
</StmntSeq>
</HierarchyLvl>
<HierarchyLvl HierarchyLvlId="453" HierarchyLvlTypeId="4" Intrnl_Id="15" Name="getRejestracja">
<Header>
<Loc EndOffset="394" SrcFileId="1" StartOffset="364"/>
</Header>
<LocList>
<Loc EndOffset="425" SrcFileId="1" StartOffset="364"/>
</LocList>
<StmntSeq Intrnl_Id="16">
<LocList>
<Loc EndOffset="421" SrcFileId="1" StartOffset="402"/>
</LocList>
<BasicStmnt CovItemId="S4" CovItemPrefix="samochody.Samochod.java" Intrnl_Id="17">
<LocList>
<Loc EndOffset="421" SrcFileId="1" StartOffset="402"/>
</LocList>
</BasicStmnt>
</StmntSeq>
</HierarchyLvl>
<HierarchyLvl HierarchyLvlId="454" HierarchyLvlTypeId="4" Intrnl_Id="18" Name="amortyzuj">
<Header>
<Loc EndOffset="451" SrcFileId="1" StartOffset="428"/>
</Header>
<LocList>
<Loc EndOffset="513" SrcFileId="1" StartOffset="428"/>
</LocList>
<StmntSeq Intrnl_Id="19">
<LocList>
<Loc EndOffset="509" SrcFileId="1" StartOffset="459"/>
</LocList>
<BasicStmnt CovItemId="S5" CovItemPrefix="samochody.Samochod.java" Intrnl_Id="20">
<LocList>
<Loc EndOffset="509" SrcFileId="1" StartOffset="459"/>
</LocList>
</BasicStmnt>
</StmntSeq>
</HierarchyLvl>
<HierarchyLvl HierarchyLvlId="455" HierarchyLvlTypeId="4" Intrnl_Id="21" Name="getWartosc">
<Header>
<Loc EndOffset="541" SrcFileId="1" StartOffset="516"/>
</Header>
<LocList>
<Loc EndOffset="573" SrcFileId="1" StartOffset="516"/>
</LocList>
<StmntSeq Intrnl_Id="22">
<LocList>
<Loc EndOffset="569" SrcFileId="1" StartOffset="549"/>
</LocList>
<BasicStmnt CovItemId="S6" CovItemPrefix="samochody.Samochod.java" Intrnl_Id="23">
<LocList>
<Loc EndOffset="569" SrcFileId="1" StartOffset="549"/>
</LocList>
</BasicStmnt>
</StmntSeq>
</HierarchyLvl>
</HierarchyLvl>
<HierarchyLvl HierarchyLvlId="463" HierarchyLvlTypeId="5" Intrnl_Id="24" Name="Kierowca">
<Header>
<Loc EndOffset="156" SrcFileId="2" StartOffset="111"/>
</Header>
<LocList>
<Loc EndOffset="1349" SrcFileId="2" StartOffset="111"/>
</LocList>
<HierarchyLvl HierarchyLvlId="457" HierarchyLvlTypeId="4" Intrnl_Id="25" Name="Kierowca">
<Header>
<Loc EndOffset="598" SrcFileId="2" StartOffset="542"/>
</Header>
<LocList>
<Loc EndOffset="713" SrcFileId="2" StartOffset="542"/>
</LocList>
<StmntSeq Intrnl_Id="26">
<LocList>
<Loc EndOffset="623" SrcFileId="2" StartOffset="606"/>
<Loc EndOffset="642" SrcFileId="2" StartOffset="627"/>
<Loc EndOffset="669" SrcFileId="2" StartOffset="646"/>
<Loc EndOffset="709" SrcFileId="2" StartOffset="673"/>
</LocList>
<BasicStmnt CovItemId="S1" CovItemPrefix="samochody.Kierowca.java" Intrnl_Id="27">
<LocList>
<Loc EndOffset="623" SrcFileId="2" StartOffset="606"/>
</LocList>
</BasicStmnt>
<BasicStmnt CovItemId="S2" CovItemPrefix="samochody.Kierowca.java" Intrnl_Id="28">
<LocList>
<Loc EndOffset="642" SrcFileId="2" StartOffset="627"/>
</LocList>
</BasicStmnt>
<BasicStmnt CovItemId="S3" CovItemPrefix="samochody.Kierowca.java" Intrnl_Id="29">
<LocList>
<Loc EndOffset="669" SrcFileId="2" StartOffset="646"/>
</LocList>
</BasicStmnt>
<BasicStmnt CovItemId="S4" CovItemPrefix="samochody.Kierowca.java" Intrnl_Id="30">
<LocList>
<Loc EndOffset="709" SrcFileId="2" StartOffset="673"/>
</LocList>
</BasicStmnt>
</StmntSeq>
</HierarchyLvl>
<HierarchyLvl HierarchyLvlId="458" HierarchyLvlTypeId="4" Intrnl_Id="31" Name="getPesel">
<Header>
<Loc EndOffset="737" SrcFileId="2" StartOffset="716"/>
</Header>
<LocList>
<Loc EndOffset="752" SrcFileId="2" StartOffset="716"/>
</LocList>
<StmntSeq Intrnl_Id="32">
<LocList>
<Loc EndOffset="751" SrcFileId="2" StartOffset="738"/>
</LocList>
<BasicStmnt CovItemId="S5" CovItemPrefix="samochody.Kierowca.java" Intrnl_Id="33">
<LocList>
<Loc EndOffset="751" SrcFileId="2" StartOffset="738"/>
</LocList>
</BasicStmnt>
</StmntSeq>
</HierarchyLvl>
<HierarchyLvl HierarchyLvlId="459" HierarchyLvlTypeId="4" Intrnl_Id="34" Name="znajdzSamochod">
<Header>
<Loc EndOffset="805" SrcFileId="2" StartOffset="755"/>
</Header>
<LocList>
<Loc EndOffset="1011" SrcFileId="2" StartOffset="755"/>
</LocList>
<StmntSeq Intrnl_Id="35">
<LocList>
<Loc EndOffset="991" SrcFileId="2" StartOffset="823"/>
<Loc EndOffset="1007" SrcFileId="2" StartOffset="995"/>
</LocList>
<LoopStmnt CovItemId="S6" CovItemPrefix="samochody.Kierowca.java" Intrnl_Id="36" MltplExecId="L1-2" MltplExecPrefix="samochody.Kierowca.java" NvrExecId="L1-0" NvrExecPrefix="samochody.Kierowca.java" OnceExecutedId="L1-1" OnceExecutedPrefix="samochody.Kierowca.java" OptBodyExec="true">
<StmntSeq Intrnl_Id="37">
<LocList>
<Loc EndOffset="923" SrcFileId="2" StartOffset="900"/>
<Loc EndOffset="984" SrcFileId="2" StartOffset="931"/>
</LocList>
<BasicStmnt CovItemId="S7" CovItemPrefix="samochody.Kierowca.java" Intrnl_Id="38">
<LocList>
<Loc EndOffset="923" SrcFileId="2" StartOffset="900"/>
</LocList>
</BasicStmnt>
<CondStmnt CovItemId="S8" CovItemPrefix="samochody.Kierowca.java" Intrnl_Id="39">
<Branch CovItemId="B1" CovItemPrefix="samochody.Kierowca.java" Implct="false" Intrnl_Id="40">
<Cond/>
<LocList>
<Loc EndOffset="984" SrcFileId="2" StartOffset="975"/>
</LocList>
<StmntSeq Intrnl_Id="41">
<LocList>
<Loc EndOffset="984" SrcFileId="2" StartOffset="975"/>
</LocList>
<BasicStmnt CovItemId="S9" CovItemPrefix="samochody.Kierowca.java" Intrnl_Id="42">
<LocList>
<Loc EndOffset="984" SrcFileId="2" StartOffset="975"/>
</LocList>
</BasicStmnt>
</StmntSeq>
</Branch>
<Branch CovItemId="B2" CovItemPrefix="samochody.Kierowca.java" Implct="true" Intrnl_Id="43">
<Cond/>
<LocList/>
<StmntSeq Intrnl_Id="44">
<LocList/>
</StmntSeq>
</Branch>
<Keyword EndOffset="933" SrcFileId="2" StartOffset="931"/>
<LocList>
<Loc EndOffset="984" SrcFileId="2" StartOffset="931"/>
</LocList>
</CondStmnt>
</StmntSeq>
<Keyword EndOffset="826" SrcFileId="2" StartOffset="823"/>
<LocList>
<Loc EndOffset="991" SrcFileId="2" StartOffset="823"/>
</LocList>
</LoopStmnt>
<BasicStmnt CovItemId="S10" CovItemPrefix="samochody.Kierowca.java" Intrnl_Id="45">
<LocList>
<Loc EndOffset="1007" SrcFileId="2" StartOffset="995"/>
</LocList>
</BasicStmnt>
</StmntSeq>
</HierarchyLvl>
<HierarchyLvl HierarchyLvlId="460" HierarchyLvlTypeId="4" Intrnl_Id="46" Name="getImieINazwisko">
<Header>
<Loc EndOffset="1046" SrcFileId="2" StartOffset="1014"/>
</Header>
<LocList>
<Loc EndOffset="1084" SrcFileId="2" StartOffset="1014"/>
</LocList>
<StmntSeq Intrnl_Id="47">
<LocList>
<Loc EndOffset="1080" SrcFileId="2" StartOffset="1054"/>
</LocList>
<BasicStmnt CovItemId="S11" CovItemPrefix="samochody.Kierowca.java" Intrnl_Id="48">
<LocList>
<Loc EndOffset="1080" SrcFileId="2" StartOffset="1054"/>
</LocList>
</BasicStmnt>
</StmntSeq>
</HierarchyLvl>
<HierarchyLvl HierarchyLvlId="461" HierarchyLvlTypeId="4" Intrnl_Id="49" Name="amortyzujSamochody">
<Header>
<Loc EndOffset="1119" SrcFileId="2" StartOffset="1087"/>
</Header>
<LocList>
<Loc EndOffset="1262" SrcFileId="2" StartOffset="1087"/>
</LocList>
<StmntSeq Intrnl_Id="50">
<LocList>
<Loc EndOffset="1258" SrcFileId="2" StartOffset="1128"/>
</LocList>
<LoopStmnt CovItemId="S12" CovItemPrefix="samochody.Kierowca.java" Intrnl_Id="51" MltplExecId="L2-2" MltplExecPrefix="samochody.Kierowca.java" NvrExecId="L2-0" NvrExecPrefix="samochody.Kierowca.java" OnceExecutedId="L2-1" OnceExecutedPrefix="samochody.Kierowca.java" OptBodyExec="true">
<StmntSeq Intrnl_Id="52">
<LocList>
<Loc EndOffset="1229" SrcFileId="2" StartOffset="1206"/>
<Loc EndOffset="1252" SrcFileId="2" StartOffset="1238"/>
</LocList>
<BasicStmnt CovItemId="S13" CovItemPrefix="samochody.Kierowca.java" Intrnl_Id="53">
<LocList>
<Loc EndOffset="1229" SrcFileId="2" StartOffset="1206"/>
</LocList>
</BasicStmnt>
<BasicStmnt CovItemId="S14" CovItemPrefix="samochody.Kierowca.java" Intrnl_Id="54">
<LocList>
<Loc EndOffset="1252" SrcFileId="2" StartOffset="1238"/>
</LocList>
</BasicStmnt>
</StmntSeq>
<Keyword EndOffset="1131" SrcFileId="2" StartOffset="1128"/>
<LocList>
<Loc EndOffset="1258" SrcFileId="2" StartOffset="1128"/>
</LocList>
</LoopStmnt>
</StmntSeq>
</HierarchyLvl>
<HierarchyLvl HierarchyLvlId="462" HierarchyLvlTypeId="4" Intrnl_Id="55" Name="dodajSamochod">
<Header>
<Loc EndOffset="1310" SrcFileId="2" StartOffset="1266"/>
</Header>
<LocList>
<Loc EndOffset="1346" SrcFileId="2" StartOffset="1266"/>
</LocList>
<StmntSeq Intrnl_Id="56">
<LocList>
<Loc EndOffset="1342" SrcFileId="2" StartOffset="1318"/>
</LocList>
<BasicStmnt CovItemId="S15" CovItemPrefix="samochody.Kierowca.java" Intrnl_Id="57">
<LocList>
<Loc EndOffset="1342" SrcFileId="2" StartOffset="1318"/>
</LocList>
</BasicStmnt>
</StmntSeq>
</HierarchyLvl>
</HierarchyLvl>
</HierarchyLvl>
</HierarchyLvl>
</MASTRoot>
</TestSessionContainer>
