<?xml version="1.0" encoding="UTF-8"?><TestSessionContainer xmlns="http://www.codecover.org/xml/testsession-container" Date="1519474829942" TestSessionContainerId="ec03f318-4b5b-4c8b-812e-276c549e395a" version="1.0">
<SrcFileList>
<SrcFile Content="package samochody;&#13;&#10;&#13;&#10;import java.io.Serializable;&#13;&#10;&#13;&#10;public class Samochod implements Serializable{&#13;&#10;&#9;private String rejestracja;&#13;&#10;&#9;private float wartosc;&#13;&#10;&#9;private float amortyzacja;&#13;&#10;&#9;&#13;&#10;&#9;public Samochod(String rejestracja, float wartosc, float amortyzacja)&#13;&#10;&#9;{&#13;&#10;&#9;&#9;this.rejestracja=rejestracja;&#13;&#10;&#9;&#9;this.wartosc=wartosc;&#13;&#10;&#9;&#9;this.amortyzacja=amortyzacja;&#13;&#10;&#9;}&#13;&#10;&#9;&#13;&#10;&#9;public String getRejestracja()&#13;&#10;&#9;{&#13;&#10;&#9;&#9;return rejestracja;&#13;&#10;&#9;}&#13;&#10;&#9;public void amortyzuj()&#13;&#10;&#9;{&#13;&#10;&#9;&#9;this.wartosc-=this.wartosc*this.amortyzacja/100.0;&#13;&#10;&#9;}&#13;&#10;&#9;public float getWartosc()&#13;&#10;&#9;{&#13;&#10;&#9;&#9;return this.wartosc;&#13;&#10;&#9;}&#13;&#10;&#9;&#13;&#10;}&#13;&#10;" Filename="Samochod.java" Intrnl_Id="1"/>
<SrcFile Content="package samochody;&#13;&#10;&#13;&#10;import java.io.Serializable;&#13;&#10;import java.util.ArrayList;&#13;&#10;import java.util.Iterator;&#13;&#10;&#13;&#10;public class Kierowca implements Serializable {&#13;&#10;&#13;&#10;&#9;//Help -&gt; install new software-&gt;add codecover i link do httt z codecoverem  pozniej properties enable -&gt; loop cover branch i statementcover&#13;&#10;&#9;&#13;&#10;&#9;private int pesel;&#13;&#10;&#9;private String imie;&#13;&#10;&#9;private String nazwisko;&#13;&#10;&#9;private ArrayList&lt;Samochod&gt; samochody;&#13;&#10;&#9;&#13;&#10;&#9;public Kierowca(int pesel, String imie, String nazwisko)&#13;&#10;&#9;{&#13;&#10;&#9;&#9;this.pesel=pesel;&#13;&#10;&#9;&#9;this.imie=imie;&#13;&#10;&#9;&#9;this.nazwisko=nazwisko;&#13;&#10;&#9;&#9;samochody=new ArrayList&lt;Samochod&gt;();&#13;&#10;&#9;}&#13;&#10;&#9;public int getPesel(){return pesel;}&#13;&#10;&#9;public Samochod znajdzSamochod(String rejestracja)&#13;&#10;&#9;{&#9;&#9; &#9;&#9;   &#13;&#10;&#9;&#9;  for (Iterator&lt;Samochod&gt; it = samochody.iterator(); it.hasNext (); ) {&#13;&#10;&#9;&#9;    Samochod k = it.next();&#13;&#10;&#9;&#9;    if(k.getRejestracja()==rejestracja)&#13;&#10;&#9;&#9;    &#9;return k;&#13;&#10;&#9;&#9;  }&#13;&#10;&#9;&#9;return null;&#13;&#10;&#9;}&#13;&#10;&#9;public String getImieINazwisko()&#13;&#10;&#9;{&#13;&#10;&#9;&#9;return imie+&quot; &quot;+ nazwisko;&#13;&#10;&#9;}&#13;&#10;&#9;public void amortyzujSamochody()&#13;&#10;&#9;{&#13;&#10;&#9;&#9; for (Iterator&lt;Samochod&gt; it = samochody.iterator(); it.hasNext (); ) {&#13;&#10;&#9;&#9;&#9;    Samochod k = it.next();&#13;&#10;&#9;&#9;&#9;    k.amortyzuj();&#13;&#10;&#9;&#9; }&#13;&#10;&#9;}&#9;&#13;&#10;&#9;public void dodajSamochod(Samochod samochod)&#13;&#10;&#9;{&#13;&#10;&#9;&#9;samochody.add(samochod);&#13;&#10;&#9;}&#13;&#10;}&#13;&#10;" Filename="Kierowca.java" Intrnl_Id="2"/>
</SrcFileList>
<CritList>
<CritListEntry Name="org.codecover.model.utils.criteria.LoopCoverage" PluginName="org.codecover"/>
<CritListEntry Name="org.codecover.model.utils.criteria.BranchCoverage" PluginName="org.codecover"/>
<CritListEntry Name="org.codecover.model.utils.criteria.StatementCoverage" PluginName="org.codecover"/>
</CritList>
<BoolOpList/>
<HierarchyLvlTypeList>
<HierarchyLvlType EnglishName="package" IntrnlName="package" Intrnl_Id="3"/>
<HierarchyLvlType EnglishName="method" IntrnlName="method" Intrnl_Id="4"/>
<HierarchyLvlType EnglishName="class" IntrnlName="class" Intrnl_Id="5"/>
<HierarchyLvlType EnglishName="default package" IntrnlName="default package" Intrnl_Id="6"/>
</HierarchyLvlTypeList>
<MASTRoot>
<HierarchyLvl HierarchyLvlId="437" HierarchyLvlTypeId="6" Intrnl_Id="7" Name="default package">
<Header/>
<LocList/>
<HierarchyLvl HierarchyLvlId="436" HierarchyLvlTypeId="3" Intrnl_Id="8" Name="samochody">
<Header/>
<LocList/>
<HierarchyLvl HierarchyLvlId="428" HierarchyLvlTypeId="5" Intrnl_Id="9" Name="Samochod">
<Header>
<Loc EndOffset="99" SrcFileId="1" StartOffset="54"/>
</Header>
<LocList>
<Loc EndOffset="579" SrcFileId="1" StartOffset="54"/>
</LocList>
<HierarchyLvl HierarchyLvlId="424" HierarchyLvlTypeId="4" Intrnl_Id="10" Name="Samochod">
<Header>
<Loc EndOffset="259" SrcFileId="1" StartOffset="190"/>
</Header>
<LocList>
<Loc EndOffset="358" SrcFileId="1" StartOffset="190"/>
</LocList>
<StmntSeq Intrnl_Id="11">
<LocList>
<Loc EndOffset="296" SrcFileId="1" StartOffset="267"/>
<Loc EndOffset="321" SrcFileId="1" StartOffset="300"/>
<Loc EndOffset="354" SrcFileId="1" StartOffset="325"/>
</LocList>
<BasicStmnt CovItemId="S1" CovItemPrefix="samochody.Samochod.java" Intrnl_Id="12">
<LocList>
<Loc EndOffset="296" SrcFileId="1" StartOffset="267"/>
</LocList>
</BasicStmnt>
<BasicStmnt CovItemId="S2" CovItemPrefix="samochody.Samochod.java" Intrnl_Id="13">
<LocList>
<Loc EndOffset="321" SrcFileId="1" StartOffset="300"/>
</LocList>
</BasicStmnt>
<BasicStmnt CovItemId="S3" CovItemPrefix="samochody.Samochod.java" Intrnl_Id="14">
<LocList>
<Loc EndOffset="354" SrcFileId="1" StartOffset="325"/>
</LocList>
</BasicStmnt>
</StmntSeq>
</HierarchyLvl>
<HierarchyLvl HierarchyLvlId="425" HierarchyLvlTypeId="4" Intrnl_Id="15" Name="getRejestracja">
<Header>
<Loc EndOffset="394" SrcFileId="1" StartOffset="364"/>
</Header>
<LocList>
<Loc EndOffset="425" SrcFileId="1" StartOffset="364"/>
</LocList>
<StmntSeq Intrnl_Id="16">
<LocList>
<Loc EndOffset="421" SrcFileId="1" StartOffset="402"/>
</LocList>
<BasicStmnt CovItemId="S4" CovItemPrefix="samochody.Samochod.java" Intrnl_Id="17">
<LocList>
<Loc EndOffset="421" SrcFileId="1" StartOffset="402"/>
</LocList>
</BasicStmnt>
</StmntSeq>
</HierarchyLvl>
<HierarchyLvl HierarchyLvlId="426" HierarchyLvlTypeId="4" Intrnl_Id="18" Name="amortyzuj">
<Header>
<Loc EndOffset="451" SrcFileId="1" StartOffset="428"/>
</Header>
<LocList>
<Loc EndOffset="513" SrcFileId="1" StartOffset="428"/>
</LocList>
<StmntSeq Intrnl_Id="19">
<LocList>
<Loc EndOffset="509" SrcFileId="1" StartOffset="459"/>
</LocList>
<BasicStmnt CovItemId="S5" CovItemPrefix="samochody.Samochod.java" Intrnl_Id="20">
<LocList>
<Loc EndOffset="509" SrcFileId="1" StartOffset="459"/>
</LocList>
</BasicStmnt>
</StmntSeq>
</HierarchyLvl>
<HierarchyLvl HierarchyLvlId="427" HierarchyLvlTypeId="4" Intrnl_Id="21" Name="getWartosc">
<Header>
<Loc EndOffset="541" SrcFileId="1" StartOffset="516"/>
</Header>
<LocList>
<Loc EndOffset="573" SrcFileId="1" StartOffset="516"/>
</LocList>
<StmntSeq Intrnl_Id="22">
<LocList>
<Loc EndOffset="569" SrcFileId="1" StartOffset="549"/>
</LocList>
<BasicStmnt CovItemId="S6" CovItemPrefix="samochody.Samochod.java" Intrnl_Id="23">
<LocList>
<Loc EndOffset="569" SrcFileId="1" StartOffset="549"/>
</LocList>
</BasicStmnt>
</StmntSeq>
</HierarchyLvl>
</HierarchyLvl>
<HierarchyLvl HierarchyLvlId="435" HierarchyLvlTypeId="5" Intrnl_Id="24" Name="Kierowca">
<Header>
<Loc EndOffset="156" SrcFileId="2" StartOffset="111"/>
</Header>
<LocList>
<Loc EndOffset="1230" SrcFileId="2" StartOffset="111"/>
</LocList>
<HierarchyLvl HierarchyLvlId="429" HierarchyLvlTypeId="4" Intrnl_Id="25" Name="Kierowca">
<Header>
<Loc EndOffset="479" SrcFileId="2" StartOffset="423"/>
</Header>
<LocList>
<Loc EndOffset="594" SrcFileId="2" StartOffset="423"/>
</LocList>
<StmntSeq Intrnl_Id="26">
<LocList>
<Loc EndOffset="504" SrcFileId="2" StartOffset="487"/>
<Loc EndOffset="523" SrcFileId="2" StartOffset="508"/>
<Loc EndOffset="550" SrcFileId="2" StartOffset="527"/>
<Loc EndOffset="590" SrcFileId="2" StartOffset="554"/>
</LocList>
<BasicStmnt CovItemId="S1" CovItemPrefix="samochody.Kierowca.java" Intrnl_Id="27">
<LocList>
<Loc EndOffset="504" SrcFileId="2" StartOffset="487"/>
</LocList>
</BasicStmnt>
<BasicStmnt CovItemId="S2" CovItemPrefix="samochody.Kierowca.java" Intrnl_Id="28">
<LocList>
<Loc EndOffset="523" SrcFileId="2" StartOffset="508"/>
</LocList>
</BasicStmnt>
<BasicStmnt CovItemId="S3" CovItemPrefix="samochody.Kierowca.java" Intrnl_Id="29">
<LocList>
<Loc EndOffset="550" SrcFileId="2" StartOffset="527"/>
</LocList>
</BasicStmnt>
<BasicStmnt CovItemId="S4" CovItemPrefix="samochody.Kierowca.java" Intrnl_Id="30">
<LocList>
<Loc EndOffset="590" SrcFileId="2" StartOffset="554"/>
</LocList>
</BasicStmnt>
</StmntSeq>
</HierarchyLvl>
<HierarchyLvl HierarchyLvlId="430" HierarchyLvlTypeId="4" Intrnl_Id="31" Name="getPesel">
<Header>
<Loc EndOffset="618" SrcFileId="2" StartOffset="597"/>
</Header>
<LocList>
<Loc EndOffset="633" SrcFileId="2" StartOffset="597"/>
</LocList>
<StmntSeq Intrnl_Id="32">
<LocList>
<Loc EndOffset="632" SrcFileId="2" StartOffset="619"/>
</LocList>
<BasicStmnt CovItemId="S5" CovItemPrefix="samochody.Kierowca.java" Intrnl_Id="33">
<LocList>
<Loc EndOffset="632" SrcFileId="2" StartOffset="619"/>
</LocList>
</BasicStmnt>
</StmntSeq>
</HierarchyLvl>
<HierarchyLvl HierarchyLvlId="431" HierarchyLvlTypeId="4" Intrnl_Id="34" Name="znajdzSamochod">
<Header>
<Loc EndOffset="686" SrcFileId="2" StartOffset="636"/>
</Header>
<LocList>
<Loc EndOffset="892" SrcFileId="2" StartOffset="636"/>
</LocList>
<StmntSeq Intrnl_Id="35">
<LocList>
<Loc EndOffset="872" SrcFileId="2" StartOffset="704"/>
<Loc EndOffset="888" SrcFileId="2" StartOffset="876"/>
</LocList>
<LoopStmnt CovItemId="S6" CovItemPrefix="samochody.Kierowca.java" Intrnl_Id="36" MltplExecId="L1-2" MltplExecPrefix="samochody.Kierowca.java" NvrExecId="L1-0" NvrExecPrefix="samochody.Kierowca.java" OnceExecutedId="L1-1" OnceExecutedPrefix="samochody.Kierowca.java" OptBodyExec="true">
<StmntSeq Intrnl_Id="37">
<LocList>
<Loc EndOffset="804" SrcFileId="2" StartOffset="781"/>
<Loc EndOffset="865" SrcFileId="2" StartOffset="812"/>
</LocList>
<BasicStmnt CovItemId="S7" CovItemPrefix="samochody.Kierowca.java" Intrnl_Id="38">
<LocList>
<Loc EndOffset="804" SrcFileId="2" StartOffset="781"/>
</LocList>
</BasicStmnt>
<CondStmnt CovItemId="S8" CovItemPrefix="samochody.Kierowca.java" Intrnl_Id="39">
<Branch CovItemId="B1" CovItemPrefix="samochody.Kierowca.java" Implct="false" Intrnl_Id="40">
<Cond/>
<LocList>
<Loc EndOffset="865" SrcFileId="2" StartOffset="856"/>
</LocList>
<StmntSeq Intrnl_Id="41">
<LocList>
<Loc EndOffset="865" SrcFileId="2" StartOffset="856"/>
</LocList>
<BasicStmnt CovItemId="S9" CovItemPrefix="samochody.Kierowca.java" Intrnl_Id="42">
<LocList>
<Loc EndOffset="865" SrcFileId="2" StartOffset="856"/>
</LocList>
</BasicStmnt>
</StmntSeq>
</Branch>
<Branch CovItemId="B2" CovItemPrefix="samochody.Kierowca.java" Implct="true" Intrnl_Id="43">
<Cond/>
<LocList/>
<StmntSeq Intrnl_Id="44">
<LocList/>
</StmntSeq>
</Branch>
<Keyword EndOffset="814" SrcFileId="2" StartOffset="812"/>
<LocList>
<Loc EndOffset="865" SrcFileId="2" StartOffset="812"/>
</LocList>
</CondStmnt>
</StmntSeq>
<Keyword EndOffset="707" SrcFileId="2" StartOffset="704"/>
<LocList>
<Loc EndOffset="872" SrcFileId="2" StartOffset="704"/>
</LocList>
</LoopStmnt>
<BasicStmnt CovItemId="S10" CovItemPrefix="samochody.Kierowca.java" Intrnl_Id="45">
<LocList>
<Loc EndOffset="888" SrcFileId="2" StartOffset="876"/>
</LocList>
</BasicStmnt>
</StmntSeq>
</HierarchyLvl>
<HierarchyLvl HierarchyLvlId="432" HierarchyLvlTypeId="4" Intrnl_Id="46" Name="getImieINazwisko">
<Header>
<Loc EndOffset="927" SrcFileId="2" StartOffset="895"/>
</Header>
<LocList>
<Loc EndOffset="965" SrcFileId="2" StartOffset="895"/>
</LocList>
<StmntSeq Intrnl_Id="47">
<LocList>
<Loc EndOffset="961" SrcFileId="2" StartOffset="935"/>
</LocList>
<BasicStmnt CovItemId="S11" CovItemPrefix="samochody.Kierowca.java" Intrnl_Id="48">
<LocList>
<Loc EndOffset="961" SrcFileId="2" StartOffset="935"/>
</LocList>
</BasicStmnt>
</StmntSeq>
</HierarchyLvl>
<HierarchyLvl HierarchyLvlId="433" HierarchyLvlTypeId="4" Intrnl_Id="49" Name="amortyzujSamochody">
<Header>
<Loc EndOffset="1000" SrcFileId="2" StartOffset="968"/>
</Header>
<LocList>
<Loc EndOffset="1143" SrcFileId="2" StartOffset="968"/>
</LocList>
<StmntSeq Intrnl_Id="50">
<LocList>
<Loc EndOffset="1139" SrcFileId="2" StartOffset="1009"/>
</LocList>
<LoopStmnt CovItemId="S12" CovItemPrefix="samochody.Kierowca.java" Intrnl_Id="51" MltplExecId="L2-2" MltplExecPrefix="samochody.Kierowca.java" NvrExecId="L2-0" NvrExecPrefix="samochody.Kierowca.java" OnceExecutedId="L2-1" OnceExecutedPrefix="samochody.Kierowca.java" OptBodyExec="true">
<StmntSeq Intrnl_Id="52">
<LocList>
<Loc EndOffset="1110" SrcFileId="2" StartOffset="1087"/>
<Loc EndOffset="1133" SrcFileId="2" StartOffset="1119"/>
</LocList>
<BasicStmnt CovItemId="S13" CovItemPrefix="samochody.Kierowca.java" Intrnl_Id="53">
<LocList>
<Loc EndOffset="1110" SrcFileId="2" StartOffset="1087"/>
</LocList>
</BasicStmnt>
<BasicStmnt CovItemId="S14" CovItemPrefix="samochody.Kierowca.java" Intrnl_Id="54">
<LocList>
<Loc EndOffset="1133" SrcFileId="2" StartOffset="1119"/>
</LocList>
</BasicStmnt>
</StmntSeq>
<Keyword EndOffset="1012" SrcFileId="2" StartOffset="1009"/>
<LocList>
<Loc EndOffset="1139" SrcFileId="2" StartOffset="1009"/>
</LocList>
</LoopStmnt>
</StmntSeq>
</HierarchyLvl>
<HierarchyLvl HierarchyLvlId="434" HierarchyLvlTypeId="4" Intrnl_Id="55" Name="dodajSamochod">
<Header>
<Loc EndOffset="1191" SrcFileId="2" StartOffset="1147"/>
</Header>
<LocList>
<Loc EndOffset="1227" SrcFileId="2" StartOffset="1147"/>
</LocList>
<StmntSeq Intrnl_Id="56">
<LocList>
<Loc EndOffset="1223" SrcFileId="2" StartOffset="1199"/>
</LocList>
<BasicStmnt CovItemId="S15" CovItemPrefix="samochody.Kierowca.java" Intrnl_Id="57">
<LocList>
<Loc EndOffset="1223" SrcFileId="2" StartOffset="1199"/>
</LocList>
</BasicStmnt>
</StmntSeq>
</HierarchyLvl>
</HierarchyLvl>
</HierarchyLvl>
</HierarchyLvl>
</MASTRoot>
</TestSessionContainer>
